0 info it worked if it ends with ok
1 verbose cli [ '/usr/local/bin/node',
1 verbose cli   '/usr/local/bin/npm',
1 verbose cli   'install',
1 verbose cli   '-g',
1 verbose cli   'http-server' ]
2 info using npm@2.15.9
3 info using node@v4.5.0
4 verbose install initial load of /usr/local/lib/package.json
5 verbose readDependencies loading dependencies from /usr/local/lib/package.json
6 silly cache add args [ 'http-server', null ]
7 verbose cache add spec http-server
8 silly cache add parsed spec Result {
8 silly cache add   raw: 'http-server',
8 silly cache add   scope: null,
8 silly cache add   name: 'http-server',
8 silly cache add   rawSpec: '',
8 silly cache add   spec: 'latest',
8 silly cache add   type: 'tag' }
9 silly addNamed http-server@latest
10 verbose addNamed "latest" is being treated as a dist-tag for http-server
11 info addNameTag [ 'http-server', 'latest' ]
12 silly mapToRegistry name http-server
13 silly mapToRegistry using default registry
14 silly mapToRegistry registry https://registry.npmjs.org/
15 silly mapToRegistry data Result {
15 silly mapToRegistry   raw: 'http-server',
15 silly mapToRegistry   scope: null,
15 silly mapToRegistry   name: 'http-server',
15 silly mapToRegistry   rawSpec: '',
15 silly mapToRegistry   spec: 'latest',
15 silly mapToRegistry   type: 'tag' }
16 silly mapToRegistry uri https://registry.npmjs.org/http-server
17 verbose addNameTag registry:https://registry.npmjs.org/http-server not in flight; fetching
18 verbose request uri https://registry.npmjs.org/http-server
19 verbose request no auth needed
20 info attempt registry request try #1 at 5:50:01 PM
21 verbose request id 46bf1c89fdce6ee4
22 verbose etag "B2879CGJ0PF343N0Z37IVBPZ5"
23 http request GET https://registry.npmjs.org/http-server
24 http 200 https://registry.npmjs.org/http-server
25 verbose headers { server: 'CouchDB/1.5.0 (Erlang OTP/R16B03)',
25 verbose headers   etag: '"2C3NWRJQGXGDQ030GTOX4O6RM"',
25 verbose headers   'content-type': 'application/json',
25 verbose headers   'content-encoding': 'gzip',
25 verbose headers   'cache-control': 'max-age=300',
25 verbose headers   'content-length': '9054',
25 verbose headers   'accept-ranges': 'bytes',
25 verbose headers   date: 'Sun, 16 Oct 2016 09:50:02 GMT',
25 verbose headers   via: '1.1 varnish',
25 verbose headers   age: '216',
25 verbose headers   connection: 'keep-alive',
25 verbose headers   'x-served-by': 'cache-hkg6826-HKG',
25 verbose headers   'x-cache': 'HIT',
25 verbose headers   'x-cache-hits': '2',
25 verbose headers   'x-timer': 'S1476611402.815522,VS0,VE0',
25 verbose headers   vary: 'Accept-Encoding' }
26 silly get cb [ 200,
26 silly get   { server: 'CouchDB/1.5.0 (Erlang OTP/R16B03)',
26 silly get     etag: '"2C3NWRJQGXGDQ030GTOX4O6RM"',
26 silly get     'content-type': 'application/json',
26 silly get     'content-encoding': 'gzip',
26 silly get     'cache-control': 'max-age=300',
26 silly get     'content-length': '9054',
26 silly get     'accept-ranges': 'bytes',
26 silly get     date: 'Sun, 16 Oct 2016 09:50:02 GMT',
26 silly get     via: '1.1 varnish',
26 silly get     age: '216',
26 silly get     connection: 'keep-alive',
26 silly get     'x-served-by': 'cache-hkg6826-HKG',
26 silly get     'x-cache': 'HIT',
26 silly get     'x-cache-hits': '2',
26 silly get     'x-timer': 'S1476611402.815522,VS0,VE0',
26 silly get     vary: 'Accept-Encoding' } ]
27 verbose get saving http-server to /Users/Ansoy/.npm/registry.npmjs.org/http-server/.cache.json
28 verbose correctMkdir /Users/Ansoy/.npm correctMkdir not in flight; initializing
29 silly addNameTag next cb for http-server with tag latest
30 silly addNamed http-server@0.9.0
31 verbose addNamed "0.9.0" is a plain semver version for http-server
32 silly cache afterAdd http-server@0.9.0
33 verbose afterAdd /Users/Ansoy/.npm/http-server/0.9.0/package/package.json not in flight; writing
34 verbose correctMkdir /Users/Ansoy/.npm correctMkdir not in flight; initializing
35 verbose afterAdd /Users/Ansoy/.npm/http-server/0.9.0/package/package.json written
36 silly install resolved [ { name: 'http-server',
36 silly install resolved     version: '0.9.0',
36 silly install resolved     description: 'A simple zero-configuration command-line http server',
36 silly install resolved     main: './lib/http-server',
36 silly install resolved     repository:
36 silly install resolved      { type: 'git',
36 silly install resolved        url: 'git://github.com/indexzero/http-server.git' },
36 silly install resolved     keywords: [ 'cli', 'command' ],
36 silly install resolved     scripts:
36 silly install resolved      { start: 'node ./bin/http-server',
36 silly install resolved        pretest: 'common bin/http-server lib/ test',
36 silly install resolved        test: 'vows --spec --isolate' },
36 silly install resolved     contributors:
36 silly install resolved      [ [Object],
36 silly install resolved        [Object],
36 silly install resolved        [Object],
36 silly install resolved        [Object],
36 silly install resolved        [Object],
36 silly install resolved        [Object],
36 silly install resolved        [Object],
36 silly install resolved        [Object],
36 silly install resolved        [Object],
36 silly install resolved        [Object] ],
36 silly install resolved     dependencies:
36 silly install resolved      { colors: '1.0.3',
36 silly install resolved        corser: '~2.0.0',
36 silly install resolved        ecstatic: '^1.4.0',
36 silly install resolved        'http-proxy': '^1.8.1',
36 silly install resolved        opener: '~1.4.0',
36 silly install resolved        optimist: '0.6.x',
36 silly install resolved        portfinder: '0.4.x',
36 silly install resolved        union: '~0.4.3' },
36 silly install resolved     devDependencies: { 'common-style': '^3.0.0', request: '2.49.x', vows: '0.7.x' },
36 silly install resolved     bugs: { url: 'https://github.com/nodeapps/http-server/issues' },
36 silly install resolved     license: 'MIT',
36 silly install resolved     preferGlobal: 'true',
36 silly install resolved     bin: { 'http-server': './bin/http-server', hs: './bin/http-server' },
36 silly install resolved     gitHead: '1a8552c5e028bd5500027ee940111133927a4e94',
36 silly install resolved     homepage: 'https://github.com/indexzero/http-server#readme',
36 silly install resolved     _id: 'http-server@0.9.0',
36 silly install resolved     _shasum: '8f1b06bdc733618d4dc42831c7ba1aff4e06001a',
36 silly install resolved     _from: 'http-server@latest',
36 silly install resolved     _npmVersion: '3.7.1',
36 silly install resolved     _nodeVersion: '4.2.2',
36 silly install resolved     _npmUser: { name: 'indexzero', email: 'charlie.robbins@gmail.com' },
36 silly install resolved     maintainers: [ [Object] ],
36 silly install resolved     dist:
36 silly install resolved      { shasum: '8f1b06bdc733618d4dc42831c7ba1aff4e06001a',
36 silly install resolved        tarball: 'https://registry.npmjs.org/http-server/-/http-server-0.9.0.tgz' },
36 silly install resolved     _npmOperationalInternal:
36 silly install resolved      { host: 'packages-6-west.internal.npmjs.com',
36 silly install resolved        tmp: 'tmp/http-server-0.9.0.tgz_1455864708425_0.19514421350322664' },
36 silly install resolved     directories: {},
36 silly install resolved     _resolved: 'https://registry.npmjs.org/http-server/-/http-server-0.9.0.tgz',
36 silly install resolved     readme: 'ERROR: No README data found!' } ]
37 info install http-server@0.9.0 into /usr/local/lib
38 info installOne http-server@0.9.0
39 verbose installOne of http-server to /usr/local/lib not in flight; installing
40 verbose correctMkdir /Users/Ansoy/.npm/_locks correctMkdir not in flight; initializing
41 verbose lock using /Users/Ansoy/.npm/_locks/http-server-ae30c9ae1f4c5eaa.lock for /usr/local/lib/node_modules/http-server
42 silly install write writing http-server 0.9.0 to /usr/local/lib/node_modules/http-server
43 verbose unbuild lib/node_modules/http-server
44 silly gentlyRm /usr/local/lib/node_modules/http-server is being purged from base /usr/local
45 verbose gentlyRm don't care about contents; nuking /usr/local/lib/node_modules/http-server
46 verbose tar unpack /Users/Ansoy/.npm/http-server/0.9.0/package.tgz
47 verbose tar unpacking to /usr/local/lib/node_modules/http-server
48 silly gentlyRm /usr/local/lib/node_modules/http-server is being purged
49 verbose gentlyRm don't care about contents; nuking /usr/local/lib/node_modules/http-server
50 silly gunzTarPerm modes [ '755', '644' ]
51 error tar.unpack untar error /Users/Ansoy/.npm/http-server/0.9.0/package.tgz
52 verbose unlock done using /Users/Ansoy/.npm/_locks/http-server-ae30c9ae1f4c5eaa.lock for /usr/local/lib/node_modules/http-server
53 verbose fstream_path /usr/local/lib/node_modules/http-server
54 verbose fstream_type Directory
55 verbose fstream_class DirWriter
56 verbose stack Error: EACCES: permission denied, mkdir '/usr/local/lib/node_modules/http-server'
56 verbose stack     at Error (native)
57 verbose fstream_stack /usr/local/lib/node_modules/npm/node_modules/fstream/lib/dir-writer.js:35:25
57 verbose fstream_stack /usr/local/lib/node_modules/npm/node_modules/mkdirp/index.js:47:53
57 verbose fstream_stack FSReqWrap.oncomplete (fs.js:82:15)
58 verbose cwd /Users/Ansoy/Desktop/ngStarterKit-master
59 error Darwin 15.6.0
60 error argv "/usr/local/bin/node" "/usr/local/bin/npm" "install" "-g" "http-server"
61 error node v4.5.0
62 error npm  v2.15.9
63 error path /usr/local/lib/node_modules/http-server
64 error code EACCES
65 error errno -13
66 error syscall mkdir
67 error Error: EACCES: permission denied, mkdir '/usr/local/lib/node_modules/http-server'
67 error     at Error (native)
67 error  { [Error: EACCES: permission denied, mkdir '/usr/local/lib/node_modules/http-server']
67 error   errno: -13,
67 error   code: 'EACCES',
67 error   syscall: 'mkdir',
67 error   path: '/usr/local/lib/node_modules/http-server',
67 error   fstream_type: 'Directory',
67 error   fstream_path: '/usr/local/lib/node_modules/http-server',
67 error   fstream_class: 'DirWriter',
67 error   fstream_stack:
67 error    [ '/usr/local/lib/node_modules/npm/node_modules/fstream/lib/dir-writer.js:35:25',
67 error      '/usr/local/lib/node_modules/npm/node_modules/mkdirp/index.js:47:53',
67 error      'FSReqWrap.oncomplete (fs.js:82:15)' ] }
68 error Please try running this command again as root/Administrator.
69 verbose exit [ -13, true ]
70 verbose unbuild lib/node_modules/http-server
71 silly gentlyRm /usr/local/lib/node_modules/http-server is being purged from base /usr/local
72 verbose gentlyRm don't care about contents; nuking /usr/local/lib/node_modules/http-server
